Arguments: 
  C:\Program Files\nodejs\node.exe D:\nodejs\node_global\node_modules\yarn\bin\yarn.js add @vue/babel-plugin-js --save-dev

PATH: 
  D:\java\jdk_8u301\bin;C:\Program Files (x86)\Common Files\Oracle\Java\javapath;C:\WINDOWS\system32;C:\WINDOWS;C:\WINDOWS\System32\Wbem;C:\WINDOWS\System32\WindowsPowerShell\v1.0\;C:\WINDOWS\System32\OpenSSH\;C:\Program Files\Git\cmd;C:\Program Files (x86)\NetSarang\Xshell 7\;C:\Program Files (x86)\NetSarang\Xftp 7\;C:\Program Files\nodejs\;D:\maven\apache-maven-3.8.1\bin;D:\maven\apache-maven-3.8.1\bin;C:\Program Files\TortoiseSVN\bin;C:\Users\archy\AppData\Local\Microsoft\WindowsApps;C:\Users\archy\AppData\Local\Programs\Microsoft VS Code\bin;D:\nodejs\node_global;C:\Program Files\JetBrains\IntelliJ IDEA 2021.2.2\bin;C:\Program Files\Bandizip\

Yarn version: 
  1.22.15

Node version: 
  14.18.1

Platform: 
  win32 x64

Trace: 
  Error: http://192.168.8.13:4873/@vue%2fbabel-plugin-js: no such package available
      at Request.params.callback [as _callback] (D:\nodejs\node_global\node_modules\yarn\lib\cli.js:66140:18)
      at Request.self.callback (D:\nodejs\node_global\node_modules\yarn\lib\cli.js:140885:22)
      at Request.emit (events.js:400:28)
      at Request.<anonymous> (D:\nodejs\node_global\node_modules\yarn\lib\cli.js:141857:10)
      at Request.emit (events.js:400:28)
      at IncomingMessage.<anonymous> (D:\nodejs\node_global\node_modules\yarn\lib\cli.js:141779:12)
      at Object.onceWrapper (events.js:519:28)
      at IncomingMessage.emit (events.js:412:35)
      at endReadableNT (internal/streams/readable.js:1334:12)
      at processTicksAndRejections (internal/process/task_queues.js:82:21)

npm manifest: 
  {
    "name": "ink-cli",
    "version": "1.0.0",
    "description": "",
    "main": "index.js",
    "scripts": {
      "dev": "tsc --watch",
      "build": "tsc",
      "test":"node ./lib/cli.js"
    },
    "bin": {
      "ink-cli": "./lib/cli.js"
    },
    "repository": {
      "type": "git",
      "url": "git+https://github.com/ArchyInk/ink-cli.git"
    },
    "author": "archy",
    "license": "ISC",
    "bugs": {
      "url": "https://github.com/ArchyInk/ink-cli/issues"
    },
    "homepage": "https://github.com/ArchyInk/ink-cli#readme",
    "devDependencies": {
      "@babel/core": "^7.16.5",
      "@types/node": "^16.11.12",
      "commander": "^8.3.0",
      "fs-extra": "^10.0.0",
      "less": "^4.1.2",
      "ora": "^5.4.0"
    }
  }

yarn manifest: 
  No manifest

Lockfile: 
  # THIS IS AN AUTOGENERATED FILE. DO NOT EDIT THIS FILE DIRECTLY.
  # yarn lockfile v1
  
  
  "@babel/code-frame@^7.16.0":
    version "7.16.0"
    resolved "http://192.168.8.13:4873/@babel%2fcode-frame/-/code-frame-7.16.0.tgz#0dfc80309beec8411e65e706461c408b0bb9b431"
    integrity sha1-DfyAMJvuyEEeZecGRhxAiwu5tDE=
    dependencies:
      "@babel/highlight" "^7.16.0"
  
  "@babel/compat-data@^7.16.0":
    version "7.16.4"
    resolved "http://192.168.8.13:4873/@babel%2fcompat-data/-/compat-data-7.16.4.tgz#081d6bbc336ec5c2435c6346b2ae1fb98b5ac68e"
    integrity sha1-CB1rvDNuxcJDXGNGsq4fuYtaxo4=
  
  "@babel/core@^7.16.5":
    version "7.16.5"
    resolved "http://192.168.8.13:4873/@babel%2fcore/-/core-7.16.5.tgz#924aa9e1ae56e1e55f7184c8bf073a50d8677f5c"
    integrity sha512-wUcenlLzuWMZ9Zt8S0KmFwGlH6QKRh3vsm/dhDA3CHkiTA45YuG1XkHRcNRl73EFPXDp/d5kVOU0/y7x2w6OaQ==
    dependencies:
      "@babel/code-frame" "^7.16.0"
      "@babel/generator" "^7.16.5"
      "@babel/helper-compilation-targets" "^7.16.3"
      "@babel/helper-module-transforms" "^7.16.5"
      "@babel/helpers" "^7.16.5"
      "@babel/parser" "^7.16.5"
      "@babel/template" "^7.16.0"
      "@babel/traverse" "^7.16.5"
      "@babel/types" "^7.16.0"
      convert-source-map "^1.7.0"
      debug "^4.1.0"
      gensync "^1.0.0-beta.2"
      json5 "^2.1.2"
      semver "^6.3.0"
      source-map "^0.5.0"
  
  "@babel/generator@^7.16.5":
    version "7.16.5"
    resolved "http://192.168.8.13:4873/@babel%2fgenerator/-/generator-7.16.5.tgz#26e1192eb8f78e0a3acaf3eede3c6fc96d22bedf"
    integrity sha512-kIvCdjZqcdKqoDbVVdt5R99icaRtrtYhYK/xux5qiWCBmfdvEYMFZ68QCrpE5cbFM1JsuArUNs1ZkuKtTtUcZA==
    dependencies:
      "@babel/types" "^7.16.0"
      jsesc "^2.5.1"
      source-map "^0.5.0"
  
  "@babel/helper-compilation-targets@^7.16.3":
    version "7.16.3"
    resolved "http://192.168.8.13:4873/@babel%2fhelper-compilation-targets/-/helper-compilation-targets-7.16.3.tgz#5b480cd13f68363df6ec4dc8ac8e2da11363cbf0"
    integrity sha1-W0gM0T9oNj327E3IrI4toRNjy/A=
    dependencies:
      "@babel/compat-data" "^7.16.0"
      "@babel/helper-validator-option" "^7.14.5"
      browserslist "^4.17.5"
      semver "^6.3.0"
  
  "@babel/helper-environment-visitor@^7.16.5":
    version "7.16.5"
    resolved "http://192.168.8.13:4873/@babel%2fhelper-environment-visitor/-/helper-environment-visitor-7.16.5.tgz#f6a7f38b3c6d8b07c88faea083c46c09ef5451b8"
    integrity sha512-ODQyc5AnxmZWm/R2W7fzhamOk1ey8gSguo5SGvF0zcB3uUzRpTRmM/jmLSm9bDMyPlvbyJ+PwPEK0BWIoZ9wjg==
    dependencies:
      "@babel/types" "^7.16.0"
  
  "@babel/helper-function-name@^7.16.0":
    version "7.16.0"
    resolved "http://192.168.8.13:4873/@babel%2fhelper-function-name/-/helper-function-name-7.16.0.tgz#b7dd0797d00bbfee4f07e9c4ea5b0e30c8bb1481"
    integrity sha1-t90Hl9ALv+5PB+nE6lsOMMi7FIE=
    dependencies:
      "@babel/helper-get-function-arity" "^7.16.0"
      "@babel/template" "^7.16.0"
      "@babel/types" "^7.16.0"
  
  "@babel/helper-get-function-arity@^7.16.0":
    version "7.16.0"
    resolved "http://192.168.8.13:4873/@babel%2fhelper-get-function-arity/-/helper-get-function-arity-7.16.0.tgz#0088c7486b29a9cb5d948b1a1de46db66e089cfa"
    integrity sha1-AIjHSGspqctdlIsaHeRttm4InPo=
    dependencies:
      "@babel/types" "^7.16.0"
  
  "@babel/helper-hoist-variables@^7.16.0":
    version "7.16.0"
    resolved "http://192.168.8.13:4873/@babel%2fhelper-hoist-variables/-/helper-hoist-variables-7.16.0.tgz#4c9023c2f1def7e28ff46fc1dbcd36a39beaa81a"
    integrity sha1-TJAjwvHe9+KP9G/B2802o5vqqBo=
    dependencies:
      "@babel/types" "^7.16.0"
  
  "@babel/helper-module-imports@^7.16.0":
    version "7.16.0"
    resolved "http://192.168.8.13:4873/@babel%2fhelper-module-imports/-/helper-module-imports-7.16.0.tgz#90538e60b672ecf1b448f5f4f5433d37e79a3ec3"
    integrity sha1-kFOOYLZy7PG0SPX09UM9N+eaPsM=
    dependencies:
      "@babel/types" "^7.16.0"
  
  "@babel/helper-module-transforms@^7.16.5":
    version "7.16.5"
    resolved "http://192.168.8.13:4873/@babel%2fhelper-module-transforms/-/helper-module-transforms-7.16.5.tgz#530ebf6ea87b500f60840578515adda2af470a29"
    integrity sha512-CkvMxgV4ZyyioElFwcuWnDCcNIeyqTkCm9BxXZi73RR1ozqlpboqsbGUNvRTflgZtFbbJ1v5Emvm+lkjMYY/LQ==
    dependencies:
      "@babel/helper-environment-visitor" "^7.16.5"
      "@babel/helper-module-imports" "^7.16.0"
      "@babel/helper-simple-access" "^7.16.0"
      "@babel/helper-split-export-declaration" "^7.16.0"
      "@babel/helper-validator-identifier" "^7.15.7"
      "@babel/template" "^7.16.0"
      "@babel/traverse" "^7.16.5"
      "@babel/types" "^7.16.0"
  
  "@babel/helper-simple-access@^7.16.0":
    version "7.16.0"
    resolved "http://192.168.8.13:4873/@babel%2fhelper-simple-access/-/helper-simple-access-7.16.0.tgz#21d6a27620e383e37534cf6c10bba019a6f90517"
    integrity sha1-IdaidiDjg+N1NM9sELugGab5BRc=
    dependencies:
      "@babel/types" "^7.16.0"
  
  "@babel/helper-split-export-declaration@^7.16.0":
    version "7.16.0"
    resolved "http://192.168.8.13:4873/@babel%2fhelper-split-export-declaration/-/helper-split-export-declaration-7.16.0.tgz#29672f43663e936df370aaeb22beddb3baec7438"
    integrity sha1-KWcvQ2Y+k23zcKrrIr7ds7rsdDg=
    dependencies:
      "@babel/types" "^7.16.0"
  
  "@babel/helper-validator-identifier@^7.15.7":
    version "7.15.7"
    resolved "http://192.168.8.13:4873/@babel%2fhelper-validator-identifier/-/helper-validator-identifier-7.15.7.tgz#220df993bfe904a4a6b02ab4f3385a5ebf6e2389"
    integrity sha1-Ig35k7/pBKSmsCq08zhaXr9uI4k=
  
  "@babel/helper-validator-option@^7.14.5":
    version "7.14.5"
    resolved "http://192.168.8.13:4873/@babel%2fhelper-validator-option/-/helper-validator-option-7.14.5.tgz#6e72a1fff18d5dfcb878e1e62f1a021c4b72d5a3"
    integrity sha1-bnKh//GNXfy4eOHmLxoCHEty1aM=
  
  "@babel/helpers@^7.16.5":
    version "7.16.5"
    resolved "http://192.168.8.13:4873/@babel%2fhelpers/-/helpers-7.16.5.tgz#29a052d4b827846dd76ece16f565b9634c554ebd"
    integrity sha512-TLgi6Lh71vvMZGEkFuIxzaPsyeYCHQ5jJOOX1f0xXn0uciFuE8cEk0wyBquMcCxBXZ5BJhE2aUB7pnWTD150Tw==
    dependencies:
      "@babel/template" "^7.16.0"
      "@babel/traverse" "^7.16.5"
      "@babel/types" "^7.16.0"
  
  "@babel/highlight@^7.16.0":
    version "7.16.0"
    resolved "http://192.168.8.13:4873/@babel%2fhighlight/-/highlight-7.16.0.tgz#6ceb32b2ca4b8f5f361fb7fd821e3fddf4a1725a"
    integrity sha1-bOsysspLj182H7f9gh4/3fShclo=
    dependencies:
      "@babel/helper-validator-identifier" "^7.15.7"
      chalk "^2.0.0"
      js-tokens "^4.0.0"
  
  "@babel/parser@^7.16.0", "@babel/parser@^7.16.5":
    version "7.16.5"
    resolved "http://192.168.8.13:4873/@babel%2fparser/-/parser-7.16.5.tgz#beb3af702e54d24796341ab9420fb329131ad658"
    integrity sha512-+Ce7T5iPNWzfu9C1aB5tN3Lyafs5xb3Ic7vBWyZL2KXT3QSdD1dD3CvgOzPmQKoNNRt6uauc0XwNJTQtXC2/Mw==
  
  "@babel/template@^7.16.0":
    version "7.16.0"
    resolved "http://192.168.8.13:4873/@babel%2ftemplate/-/template-7.16.0.tgz#d16a35ebf4cd74e202083356fab21dd89363ddd6"
    integrity sha1-0Wo16/TNdOICCDNW+rId2JNj3dY=
    dependencies:
      "@babel/code-frame" "^7.16.0"
      "@babel/parser" "^7.16.0"
      "@babel/types" "^7.16.0"
  
  "@babel/traverse@^7.16.5":
    version "7.16.5"
    resolved "http://192.168.8.13:4873/@babel%2ftraverse/-/traverse-7.16.5.tgz#d7d400a8229c714a59b87624fc67b0f1fbd4b2b3"
    integrity sha512-FOCODAzqUMROikDYLYxl4nmwiLlu85rNqBML/A5hKRVXG2LV8d0iMqgPzdYTcIpjZEBB7D6UDU9vxRZiriASdQ==
    dependencies:
      "@babel/code-frame" "^7.16.0"
      "@babel/generator" "^7.16.5"
      "@babel/helper-environment-visitor" "^7.16.5"
      "@babel/helper-function-name" "^7.16.0"
      "@babel/helper-hoist-variables" "^7.16.0"
      "@babel/helper-split-export-declaration" "^7.16.0"
      "@babel/parser" "^7.16.5"
      "@babel/types" "^7.16.0"
      debug "^4.1.0"
      globals "^11.1.0"
  
  "@babel/types@^7.16.0":
    version "7.16.0"
    resolved "http://192.168.8.13:4873/@babel%2ftypes/-/types-7.16.0.tgz#db3b313804f96aadd0b776c4823e127ad67289ba"
    integrity sha1-2zsxOAT5aq3Qt3bEgj4SetZyibo=
    dependencies:
      "@babel/helper-validator-identifier" "^7.15.7"
      to-fast-properties "^2.0.0"
  
  "@types/node@^16.11.12":
    version "16.11.12"
    resolved "http://192.168.8.13:4873/@types%2fnode/-/node-16.11.12.tgz#ac7fb693ac587ee182c3780c26eb65546a1a3c10"
    integrity sha512-+2Iggwg7PxoO5Kyhvsq9VarmPbIelXP070HMImEpbtGCoyWNINQj4wzjbQCXzdHTRXnqufutJb5KAURZANNBAw==
  
  ansi-regex@^5.0.1:
    version "5.0.1"
    resolved "http://192.168.8.13:4873/ansi-regex/-/ansi-regex-5.0.1.tgz#082cb2c89c9fe8659a311a53bd6a4dc5301db304"
    integrity sha1-CCyyyJyf6GWaMRpTvWpNxTAdswQ=
  
  ansi-styles@^3.2.1:
    version "3.2.1"
    resolved "http://192.168.8.13:4873/ansi-styles/-/ansi-styles-3.2.1.tgz#41fbb20243e50b12be0f04b8dedbf07520ce841d"
    integrity sha1-QfuyAkPlCxK+DwS43tvwdSDOhB0=
    dependencies:
      color-convert "^1.9.0"
  
  ansi-styles@^4.1.0:
    version "4.3.0"
    resolved "http://192.168.8.13:4873/ansi-styles/-/ansi-styles-4.3.0.tgz#edd803628ae71c04c85ae7a0906edad34b648937"
    integrity sha1-7dgDYornHATIWuegkG7a00tkiTc=
    dependencies:
      color-convert "^2.0.1"
  
  base64-js@^1.3.1:
    version "1.5.1"
    resolved "http://192.168.8.13:4873/base64-js/-/base64-js-1.5.1.tgz#1b1b440160a5bf7ad40b650f095963481903930a"
    integrity sha1-GxtEAWClv3rUC2UPCVljSBkDkwo=
  
  bl@^4.1.0:
    version "4.1.0"
    resolved "http://192.168.8.13:4873/bl/-/bl-4.1.0.tgz#451535264182bec2fbbc83a62ab98cf11d9f7b3a"
    integrity sha1-RRU1JkGCvsL7vIOmKrmM8R2fezo=
    dependencies:
      buffer "^5.5.0"
      inherits "^2.0.4"
      readable-stream "^3.4.0"
  
  browserslist@^4.17.5:
    version "4.19.0"
    resolved "http://192.168.8.13:4873/browserslist/-/browserslist-4.19.0.tgz#5f02742ac2b86dde56ae4cef7be2b003e47b1ee0"
    integrity sha512-JGHzm73ei2OnAcobcQ61GXNnN6vDCg5Oz5MayudL+FyzjoLnCzUWnuLtDLMIYw8aXgQzzdCZMVky+fftD5jbtA==
    dependencies:
      caniuse-lite "^1.0.30001286"
      electron-to-chromium "^1.4.17"
      escalade "^3.1.1"
      node-releases "^2.0.1"
      picocolors "^1.0.0"
  
  buffer@^5.5.0:
    version "5.7.1"
    resolved "http://192.168.8.13:4873/buffer/-/buffer-5.7.1.tgz#ba62e7c13133053582197160851a8f648e99eed0"
    integrity sha1-umLnwTEzBTWCGXFghRqPZI6Z7tA=
    dependencies:
      base64-js "^1.3.1"
      ieee754 "^1.1.13"
  
  caniuse-lite@^1.0.30001286:
    version "1.0.30001286"
    resolved "http://192.168.8.13:4873/caniuse-lite/-/caniuse-lite-1.0.30001286.tgz#3e9debad420419618cfdf52dc9b6572b28a8fff6"
    integrity sha512-zaEMRH6xg8ESMi2eQ3R4eZ5qw/hJiVsO/HlLwniIwErij0JDr9P+8V4dtx1l+kLq6j3yy8l8W4fst1lBnat5wQ==
  
  chalk@^2.0.0:
    version "2.4.2"
    resolved "http://192.168.8.13:4873/chalk/-/chalk-2.4.2.tgz#cd42541677a54333cf541a49108c1432b44c9424"
    integrity sha1-zUJUFnelQzPPVBpJEIwUMrRMlCQ=
    dependencies:
      ansi-styles "^3.2.1"
      escape-string-regexp "^1.0.5"
      supports-color "^5.3.0"
  
  chalk@^4.1.0:
    version "4.1.2"
    resolved "http://192.168.8.13:4873/chalk/-/chalk-4.1.2.tgz#aac4e2b7734a740867aeb16bf02aad556a1e7a01"
    integrity sha1-qsTit3NKdAhnrrFr8CqtVWoeegE=
    dependencies:
      ansi-styles "^4.1.0"
      supports-color "^7.1.0"
  
  cli-cursor@^3.1.0:
    version "3.1.0"
    resolved "http://192.168.8.13:4873/cli-cursor/-/cli-cursor-3.1.0.tgz#264305a7ae490d1d03bf0c9ba7c925d1753af307"
    integrity sha1-JkMFp65JDR0Dvwybp8kl0XU68wc=
    dependencies:
      restore-cursor "^3.1.0"
  
  cli-spinners@^2.5.0:
    version "2.6.1"
    resolved "http://192.168.8.13:4873/cli-spinners/-/cli-spinners-2.6.1.tgz#adc954ebe281c37a6319bfa401e6dd2488ffb70d"
    integrity sha1-rclU6+KBw3pjGb+kAebdJIj/tw0=
  
  clone@^1.0.2:
    version "1.0.4"
    resolved "http://192.168.8.13:4873/clone/-/clone-1.0.4.tgz#da309cc263df15994c688ca902179ca3c7cd7c7e"
    integrity sha1-2jCcwmPfFZlMaIypAheco8fNfH4=
  
  color-convert@^1.9.0:
    version "1.9.3"
    resolved "http://192.168.8.13:4873/color-convert/-/color-convert-1.9.3.tgz#bb71850690e1f136567de629d2d5471deda4c1e8"
    integrity sha1-u3GFBpDh8TZWfeYp0tVHHe2kweg=
    dependencies:
      color-name "1.1.3"
  
  color-convert@^2.0.1:
    version "2.0.1"
    resolved "http://192.168.8.13:4873/color-convert/-/color-convert-2.0.1.tgz#72d3a68d598c9bdb3af2ad1e84f21d896abd4de3"
    integrity sha1-ctOmjVmMm9s68q0ehPIdiWq9TeM=
    dependencies:
      color-name "~1.1.4"
  
  color-name@1.1.3:
    version "1.1.3"
    resolved "http://192.168.8.13:4873/color-name/-/color-name-1.1.3.tgz#a7d0558bd89c42f795dd42328f740831ca53bc25"
    integrity sha1-p9BVi9icQveV3UIyj3QIMcpTvCU=
  
  color-name@~1.1.4:
    version "1.1.4"
    resolved "http://192.168.8.13:4873/color-name/-/color-name-1.1.4.tgz#c2a09a87acbde69543de6f63fa3995c826c536a2"
    integrity sha1-wqCah6y95pVD3m9j+jmVyCbFNqI=
  
  commander@^8.3.0:
    version "8.3.0"
    resolved "http://192.168.8.13:4873/commander/-/commander-8.3.0.tgz#4837ea1b2da67b9c616a67afbb0fafee567bca66"
    integrity sha1-SDfqGy2me5xhamevuw+v7lZ7ymY=
  
  convert-source-map@^1.7.0:
    version "1.8.0"
    resolved "http://192.168.8.13:4873/convert-source-map/-/convert-source-map-1.8.0.tgz#f3373c32d21b4d780dd8004514684fb791ca4369"
    integrity sha1-8zc8MtIbTXgN2ABFFGhPt5HKQ2k=
    dependencies:
      safe-buffer "~5.1.1"
  
  copy-anything@^2.0.1:
    version "2.0.3"
    resolved "http://192.168.8.13:4873/copy-anything/-/copy-anything-2.0.3.tgz#842407ba02466b0df844819bbe3baebbe5d45d87"
    integrity sha1-hCQHugJGaw34RIGbvjuuu+XUXYc=
    dependencies:
      is-what "^3.12.0"
  
  debug@^3.2.6:
    version "3.2.7"
    resolved "http://192.168.8.13:4873/debug/-/debug-3.2.7.tgz#72580b7e9145fb39b6676f9c5e5fb100b934179a"
    integrity sha1-clgLfpFF+zm2Z2+cXl+xALk0F5o=
    dependencies:
      ms "^2.1.1"
  
  debug@^4.1.0:
    version "4.3.3"
    resolved "http://192.168.8.13:4873/debug/-/debug-4.3.3.tgz#04266e0b70a98d4462e6e288e38259213332b664"
    integrity sha512-/zxw5+vh1Tfv+4Qn7a5nsbcJKPaSvCDhojn6FEl9vupwK2VCSDtEiEtqr8DFtzYFOdz63LBkxec7DYuc2jon6Q==
    dependencies:
      ms "2.1.2"
  
  defaults@^1.0.3:
    version "1.0.3"
    resolved "http://192.168.8.13:4873/defaults/-/defaults-1.0.3.tgz#c656051e9817d9ff08ed881477f3fe4019f3ef7d"
    integrity sha1-xlYFHpgX2f8I7YgUd/P+QBnz730=
    dependencies:
      clone "^1.0.2"
  
  electron-to-chromium@^1.4.17:
    version "1.4.17"
    resolved "http://192.168.8.13:4873/electron-to-chromium/-/electron-to-chromium-1.4.17.tgz#16ec40f61005582d5d41fac08400a254dccfb85f"
    integrity sha512-zhk1MravPtq/KBhmGB7TLBILmXTgRG9TFSI3qS3DbgyfHzIl72iiTE37r/BHIbPCJJlWIo5rySyxiH4vWhu2ZA==
  
  errno@^0.1.1:
    version "0.1.8"
    resolved "http://192.168.8.13:4873/errno/-/errno-0.1.8.tgz#8bb3e9c7d463be4976ff888f76b4809ebc2e811f"
    integrity sha1-i7Ppx9Rjvkl2/4iPdrSAnrwugR8=
    dependencies:
      prr "~1.0.1"
  
  escalade@^3.1.1:
    version "3.1.1"
    resolved "http://192.168.8.13:4873/escalade/-/escalade-3.1.1.tgz#d8cfdc7000965c5a0174b4a82eaa5c0552742e40"
    integrity sha1-2M/ccACWXFoBdLSoLqpcBVJ0LkA=
  
  escape-string-regexp@^1.0.5:
    version "1.0.5"
    resolved "http://192.168.8.13:4873/escape-string-regexp/-/escape-string-regexp-1.0.5.tgz#1b61c0562190a8dff6ae3bb2cf0200ca130b86d4"
    integrity sha1-G2HAViGQqN/2rjuyzwIAyhMLhtQ=
  
  fs-extra@^10.0.0:
    version "10.0.0"
    resolved "http://192.168.8.13:4873/fs-extra/-/fs-extra-10.0.0.tgz#9ff61b655dde53fb34a82df84bb214ce802e17c1"
    integrity sha1-n/YbZV3eU/s0qC34S7IUzoAuF8E=
    dependencies:
      graceful-fs "^4.2.0"
      jsonfile "^6.0.1"
      universalify "^2.0.0"
  
  gensync@^1.0.0-beta.2:
    version "1.0.0-beta.2"
    resolved "http://192.168.8.13:4873/gensync/-/gensync-1.0.0-beta.2.tgz#32a6ee76c3d7f52d46b2b1ae5d93fea8580a25e0"
    integrity sha1-MqbudsPX9S1GsrGuXZP+qFgKJeA=
  
  globals@^11.1.0:
    version "11.12.0"
    resolved "http://192.168.8.13:4873/globals/-/globals-11.12.0.tgz#ab8795338868a0babd8525758018c2a7eb95c42e"
    integrity sha1-q4eVM4hooLq9hSV1gBjCp+uVxC4=
  
  graceful-fs@^4.1.2, graceful-fs@^4.1.6, graceful-fs@^4.2.0:
    version "4.2.8"
    resolved "http://192.168.8.13:4873/graceful-fs/-/graceful-fs-4.2.8.tgz#e412b8d33f5e006593cbd3cee6df9f2cebbe802a"
    integrity sha1-5BK40z9eAGWTy9PO5t+fLOu+gCo=
  
  has-flag@^3.0.0:
    version "3.0.0"
    resolved "http://192.168.8.13:4873/has-flag/-/has-flag-3.0.0.tgz#b5d454dc2199ae225699f3467e5a07f3b955bafd"
    integrity sha1-tdRU3CGZriJWmfNGfloH87lVuv0=
  
  has-flag@^4.0.0:
    version "4.0.0"
    resolved "http://192.168.8.13:4873/has-flag/-/has-flag-4.0.0.tgz#944771fd9c81c81265c4d6941860da06bb59479b"
    integrity sha1-lEdx/ZyByBJlxNaUGGDaBrtZR5s=
  
  iconv-lite@^0.4.4:
    version "0.4.24"
    resolved "http://192.168.8.13:4873/iconv-lite/-/iconv-lite-0.4.24.tgz#2022b4b25fbddc21d2f524974a474aafe733908b"
    integrity sha1-ICK0sl+93CHS9SSXSkdKr+czkIs=
    dependencies:
      safer-buffer ">= 2.1.2 < 3"
  
  ieee754@^1.1.13:
    version "1.2.1"
    resolved "http://192.168.8.13:4873/ieee754/-/ieee754-1.2.1.tgz#8eb7a10a63fff25d15a57b001586d177d1b0d352"
    integrity sha1-jrehCmP/8l0VpXsAFYbRd9Gw01I=
  
  image-size@~0.5.0:
    version "0.5.5"
    resolved "http://192.168.8.13:4873/image-size/-/image-size-0.5.5.tgz#09dfd4ab9d20e29eb1c3e80b8990378df9e3cb9c"
    integrity sha1-Cd/Uq50g4p6xw+gLiZA3jfnjy5w=
  
  inherits@^2.0.3, inherits@^2.0.4:
    version "2.0.4"
    resolved "http://192.168.8.13:4873/inherits/-/inherits-2.0.4.tgz#0fa2c64f932917c3433a0ded55363aae37416b7c"
    integrity sha1-D6LGT5MpF8NDOg3tVTY6rjdBa3w=
  
  is-interactive@^1.0.0:
    version "1.0.0"
    resolved "http://192.168.8.13:4873/is-interactive/-/is-interactive-1.0.0.tgz#cea6e6ae5c870a7b0a0004070b7b587e0252912e"
    integrity sha1-zqbmrlyHCnsKAAQHC3tYfgJSkS4=
  
  is-unicode-supported@^0.1.0:
    version "0.1.0"
    resolved "http://192.168.8.13:4873/is-unicode-supported/-/is-unicode-supported-0.1.0.tgz#3f26c76a809593b52bfa2ecb5710ed2779b522a7"
    integrity sha1-PybHaoCVk7Ur+i7LVxDtJ3m1Iqc=
  
  is-what@^3.12.0:
    version "3.14.1"
    resolved "http://192.168.8.13:4873/is-what/-/is-what-3.14.1.tgz#e1222f46ddda85dead0fd1c9df131760e77755c1"
    integrity sha1-4SIvRt3ahd6tD9HJ3xMXYOd3VcE=
  
  js-tokens@^4.0.0:
    version "4.0.0"
    resolved "http://192.168.8.13:4873/js-tokens/-/js-tokens-4.0.0.tgz#19203fb59991df98e3a287050d4647cdeaf32499"
    integrity sha1-GSA/tZmR35jjoocFDUZHzerzJJk=
  
  jsesc@^2.5.1:
    version "2.5.2"
    resolved "http://192.168.8.13:4873/jsesc/-/jsesc-2.5.2.tgz#80564d2e483dacf6e8ef209650a67df3f0c283a4"
    integrity sha1-gFZNLkg9rPbo7yCWUKZ98/DCg6Q=
  
  json5@^2.1.2:
    version "2.2.0"
    resolved "http://192.168.8.13:4873/json5/-/json5-2.2.0.tgz#2dfefe720c6ba525d9ebd909950f0515316c89a3"
    integrity sha1-Lf7+cgxrpSXZ69kJlQ8FFTFsiaM=
    dependencies:
      minimist "^1.2.5"
  
  jsonfile@^6.0.1:
    version "6.1.0"
    resolved "http://192.168.8.13:4873/jsonfile/-/jsonfile-6.1.0.tgz#bc55b2634793c679ec6403094eb13698a6ec0aae"
    integrity sha1-vFWyY0eTxnnsZAMJTrE2mKbsCq4=
    dependencies:
      universalify "^2.0.0"
    optionalDependencies:
      graceful-fs "^4.1.6"
  
  less@^4.1.2:
    version "4.1.2"
    resolved "http://192.168.8.13:4873/less/-/less-4.1.2.tgz#6099ee584999750c2624b65f80145f8674e4b4b0"
    integrity sha1-YJnuWEmZdQwmJLZfgBRfhnTktLA=
    dependencies:
      copy-anything "^2.0.1"
      parse-node-version "^1.0.1"
      tslib "^2.3.0"
    optionalDependencies:
      errno "^0.1.1"
      graceful-fs "^4.1.2"
      image-size "~0.5.0"
      make-dir "^2.1.0"
      mime "^1.4.1"
      needle "^2.5.2"
      source-map "~0.6.0"
  
  log-symbols@^4.1.0:
    version "4.1.0"
    resolved "http://192.168.8.13:4873/log-symbols/-/log-symbols-4.1.0.tgz#3fbdbb95b4683ac9fc785111e792e558d4abd503"
    integrity sha1-P727lbRoOsn8eFER55LlWNSr1QM=
    dependencies:
      chalk "^4.1.0"
      is-unicode-supported "^0.1.0"
  
  make-dir@^2.1.0:
    version "2.1.0"
    resolved "http://192.168.8.13:4873/make-dir/-/make-dir-2.1.0.tgz#5f0310e18b8be898cc07009295a30ae41e91e6f5"
    integrity sha1-XwMQ4YuL6JjMBwCSlaMK5B6R5vU=
    dependencies:
      pify "^4.0.1"
      semver "^5.6.0"
  
  mime@^1.4.1:
    version "1.6.0"
    resolved "http://192.168.8.13:4873/mime/-/mime-1.6.0.tgz#32cd9e5c64553bd58d19a568af452acff04981b1"
    integrity sha1-Ms2eXGRVO9WNGaVor0Uqz/BJgbE=
  
  mimic-fn@^2.1.0:
    version "2.1.0"
    resolved "http://192.168.8.13:4873/mimic-fn/-/mimic-fn-2.1.0.tgz#7ed2c2ccccaf84d3ffcb7a69b57711fc2083401b"
    integrity sha1-ftLCzMyvhNP/y3pptXcR/CCDQBs=
  
  minimist@^1.2.5:
    version "1.2.5"
    resolved "http://192.168.8.13:4873/minimist/-/minimist-1.2.5.tgz#67d66014b66a6a8aaa0c083c5fd58df4e4e97602"
    integrity sha1-Z9ZgFLZqaoqqDAg8X9WN9OTpdgI=
  
  ms@2.1.2:
    version "2.1.2"
    resolved "http://192.168.8.13:4873/ms/-/ms-2.1.2.tgz#d09d1f357b443f493382a8eb3ccd183872ae6009"
    integrity sha1-0J0fNXtEP0kzgqjrPM0YOHKuYAk=
  
  ms@^2.1.1:
    version "2.1.3"
    resolved "http://192.168.8.13:4873/ms/-/ms-2.1.3.tgz#574c8138ce1d2b5861f0b44579dbadd60c6615b2"
    integrity sha1-V0yBOM4dK1hh8LRFedut1gxmFbI=
  
  needle@^2.5.2:
    version "2.9.1"
    resolved "http://192.168.8.13:4873/needle/-/needle-2.9.1.tgz#22d1dffbe3490c2b83e301f7709b6736cd8f2684"
    integrity sha1-ItHf++NJDCuD4wH3cJtnNs2PJoQ=
    dependencies:
      debug "^3.2.6"
      iconv-lite "^0.4.4"
      sax "^1.2.4"
  
  node-releases@^2.0.1:
    version "2.0.1"
    resolved "http://192.168.8.13:4873/node-releases/-/node-releases-2.0.1.tgz#3d1d395f204f1f2f29a54358b9fb678765ad2fc5"
    integrity sha1-PR05XyBPHy8ppUNYuftnh2WtL8U=
  
  onetime@^5.1.0:
    version "5.1.2"
    resolved "http://192.168.8.13:4873/onetime/-/onetime-5.1.2.tgz#d0e96ebb56b07476df1dd9c4806e5237985ca45e"
    integrity sha1-0Oluu1awdHbfHdnEgG5SN5hcpF4=
    dependencies:
      mimic-fn "^2.1.0"
  
  ora@^5.4.0:
    version "5.4.1"
    resolved "http://192.168.8.13:4873/ora/-/ora-5.4.1.tgz#1b2678426af4ac4a509008e5e4ac9e9959db9e18"
    integrity sha1-GyZ4Qmr0rEpQkAjl5KyemVnbnhg=
    dependencies:
      bl "^4.1.0"
      chalk "^4.1.0"
      cli-cursor "^3.1.0"
      cli-spinners "^2.5.0"
      is-interactive "^1.0.0"
      is-unicode-supported "^0.1.0"
      log-symbols "^4.1.0"
      strip-ansi "^6.0.0"
      wcwidth "^1.0.1"
  
  parse-node-version@^1.0.1:
    version "1.0.1"
    resolved "http://192.168.8.13:4873/parse-node-version/-/parse-node-version-1.0.1.tgz#e2b5dbede00e7fa9bc363607f53327e8b073189b"
    integrity sha1-4rXb7eAOf6m8NjYH9TMn6LBzGJs=
  
  picocolors@^1.0.0:
    version "1.0.0"
    resolved "http://192.168.8.13:4873/picocolors/-/picocolors-1.0.0.tgz#cb5bdc74ff3f51892236eaf79d68bc44564ab81c"
    integrity sha1-y1vcdP8/UYkiNur3nWi8RFZKuBw=
  
  pify@^4.0.1:
    version "4.0.1"
    resolved "http://192.168.8.13:4873/pify/-/pify-4.0.1.tgz#4b2cd25c50d598735c50292224fd8c6df41e3231"
    integrity sha1-SyzSXFDVmHNcUCkiJP2MbfQeMjE=
  
  prr@~1.0.1:
    version "1.0.1"
    resolved "http://192.168.8.13:4873/prr/-/prr-1.0.1.tgz#d3fc114ba06995a45ec6893f484ceb1d78f5f476"
    integrity sha1-0/wRS6BplaRexok/SEzrHXj19HY=
  
  readable-stream@^3.4.0:
    version "3.6.0"
    resolved "http://192.168.8.13:4873/readable-stream/-/readable-stream-3.6.0.tgz#337bbda3adc0706bd3e024426a286d4b4b2c9198"
    integrity sha1-M3u9o63AcGvT4CRCaihtS0sskZg=
    dependencies:
      inherits "^2.0.3"
      string_decoder "^1.1.1"
      util-deprecate "^1.0.1"
  
  restore-cursor@^3.1.0:
    version "3.1.0"
    resolved "http://192.168.8.13:4873/restore-cursor/-/restore-cursor-3.1.0.tgz#39f67c54b3a7a58cea5236d95cf0034239631f7e"
    integrity sha1-OfZ8VLOnpYzqUjbZXPADQjljH34=
    dependencies:
      onetime "^5.1.0"
      signal-exit "^3.0.2"
  
  safe-buffer@~5.1.1:
    version "5.1.2"
    resolved "http://192.168.8.13:4873/safe-buffer/-/safe-buffer-5.1.2.tgz#991ec69d296e0313747d59bdfd2b745c35f8828d"
    integrity sha1-mR7GnSluAxN0fVm9/St0XDX4go0=
  
  safe-buffer@~5.2.0:
    version "5.2.1"
    resolved "http://192.168.8.13:4873/safe-buffer/-/safe-buffer-5.2.1.tgz#1eaf9fa9bdb1fdd4ec75f58f9cdb4e6b7827eec6"
    integrity sha1-Hq+fqb2x/dTsdfWPnNtOa3gn7sY=
  
  "safer-buffer@>= 2.1.2 < 3":
    version "2.1.2"
    resolved "http://192.168.8.13:4873/safer-buffer/-/safer-buffer-2.1.2.tgz#44fa161b0187b9549dd84bb91802f9bd8385cd6a"
    integrity sha1-RPoWGwGHuVSd2Eu5GAL5vYOFzWo=
  
  sax@^1.2.4:
    version "1.2.4"
    resolved "http://192.168.8.13:4873/sax/-/sax-1.2.4.tgz#2816234e2378bddc4e5354fab5caa895df7100d9"
    integrity sha1-KBYjTiN4vdxOU1T6tcqold9xANk=
  
  semver@^5.6.0:
    version "5.7.1"
    resolved "http://192.168.8.13:4873/semver/-/semver-5.7.1.tgz#a954f931aeba508d307bbf069eff0c01c96116f7"
    integrity sha1-qVT5Ma66UI0we78Gnv8MAclhFvc=
  
  semver@^6.3.0:
    version "6.3.0"
    resolved "http://192.168.8.13:4873/semver/-/semver-6.3.0.tgz#ee0a64c8af5e8ceea67687b133761e1becbd1d3d"
    integrity sha1-7gpkyK9ejO6mdoexM3YeG+y9HT0=
  
  signal-exit@^3.0.2:
    version "3.0.6"
    resolved "http://192.168.8.13:4873/signal-exit/-/signal-exit-3.0.6.tgz#24e630c4b0f03fea446a2bd299e62b4a6ca8d0af"
    integrity sha1-JOYwxLDwP+pEaivSmeYrSmyo0K8=
  
  source-map@^0.5.0:
    version "0.5.7"
    resolved "http://192.168.8.13:4873/source-map/-/source-map-0.5.7.tgz#8a039d2d1021d22d1ea14c80d8ea468ba2ef3fcc"
    integrity sha1-igOdLRAh0i0eoUyA2OpGi6LvP8w=
  
  source-map@~0.6.0:
    version "0.6.1"
    resolved "http://192.168.8.13:4873/source-map/-/source-map-0.6.1.tgz#74722af32e9614e9c287a8d0bbde48b5e2f1a263"
    integrity sha1-dHIq8y6WFOnCh6jQu95IteLxomM=
  
  string_decoder@^1.1.1:
    version "1.3.0"
    resolved "http://192.168.8.13:4873/string_decoder/-/string_decoder-1.3.0.tgz#42f114594a46cf1a8e30b0a84f56c78c3edac21e"
    integrity sha1-QvEUWUpGzxqOMLCoT1bHjD7awh4=
    dependencies:
      safe-buffer "~5.2.0"
  
  strip-ansi@^6.0.0:
    version "6.0.1"
    resolved "http://192.168.8.13:4873/strip-ansi/-/strip-ansi-6.0.1.tgz#9e26c63d30f53443e9489495b2105d37b67a85d9"
    integrity sha1-nibGPTD1NEPpSJSVshBdN7Z6hdk=
    dependencies:
      ansi-regex "^5.0.1"
  
  supports-color@^5.3.0:
    version "5.5.0"
    resolved "http://192.168.8.13:4873/supports-color/-/supports-color-5.5.0.tgz#e2e69a44ac8772f78a1ec0b35b689df6530efc8f"
    integrity sha1-4uaaRKyHcveKHsCzW2id9lMO/I8=
    dependencies:
      has-flag "^3.0.0"
  
  supports-color@^7.1.0:
    version "7.2.0"
    resolved "http://192.168.8.13:4873/supports-color/-/supports-color-7.2.0.tgz#1b7dcdcb32b8138801b3e478ba6a51caa89648da"
    integrity sha1-G33NyzK4E4gBs+R4umpRyqiWSNo=
    dependencies:
      has-flag "^4.0.0"
  
  to-fast-properties@^2.0.0:
    version "2.0.0"
    resolved "http://192.168.8.13:4873/to-fast-properties/-/to-fast-properties-2.0.0.tgz#dc5e698cbd079265bc73e0377681a4e4e83f616e"
    integrity sha1-3F5pjL0HkmW8c+A3doGk5Og/YW4=
  
  tslib@^2.3.0:
    version "2.3.1"
    resolved "http://192.168.8.13:4873/tslib/-/tslib-2.3.1.tgz#e8a335add5ceae51aa261d32a490158ef042ef01"
    integrity sha1-6KM1rdXOrlGqJh0ypJAVjvBC7wE=
  
  universalify@^2.0.0:
    version "2.0.0"
    resolved "http://192.168.8.13:4873/universalify/-/universalify-2.0.0.tgz#75a4984efedc4b08975c5aeb73f530d02df25717"
    integrity sha1-daSYTv7cSwiXXFrrc/Uw0C3yVxc=
  
  util-deprecate@^1.0.1:
    version "1.0.2"
    resolved "http://192.168.8.13:4873/util-deprecate/-/util-deprecate-1.0.2.tgz#450d4dc9fa70de732762fbd2d4a28981419a0ccf"
    integrity sha1-RQ1Nyfpw3nMnYvvS1KKJgUGaDM8=
  
  wcwidth@^1.0.1:
    version "1.0.1"
    resolved "http://192.168.8.13:4873/wcwidth/-/wcwidth-1.0.1.tgz#f0b0dcf915bc5ff1528afadb2c0e17b532da2fe8"
    integrity sha1-8LDc+RW8X/FSivrbLA4XtTLaL+g=
    dependencies:
      defaults "^1.0.3"
